-73099.00000 3.80051 4.20167 14.68774
-71010.65487 6.68173 4.81981 14.68774
-68922.30973 9.50573 4.57398 14.68774
-66833.96460 12.25963 171.84916 100.22374
-64745.61947 14.93085 49.79337 100.22374
-62657.27434 17.50722 61.64352 100.22374
-60568.92920 19.97698 50.81896 100.22374
-58480.58407 22.32886 -77.92402 59.61574
-56392.23894 24.55214 -66.07387 59.61574
-54303.89381 26.63666 1.07229 59.61574
-52215.54867 28.57292 29.02950 19.87175
-50127.20354 30.35209 27.68784 19.87175
-48038.85841 31.96604 17.86074 59.61574
-45950.51327 33.40742 38.12926 30.23974
-43862.16814 34.66965 30.86622 5.18375
-41773.82301 35.74696 -28.27174 100.22374
-39685.47788 36.63445 -71.33737 100.22374
-37597.13274 37.32807 32.36382 2.59174
-35508.78761 37.82465 27.79796 2.59174
-33420.44248 38.12192 22.18958 4.31975
-31332.09735 38.21854 21.04555 5.18375
-29243.75221 38.11405 24.02389 5.18375
-27155.40708 37.80894 14.94299 5.18375
-25067.06195 37.30459 15.28718 5.18375
-22978.71681 36.60331 4.67332 5.18375
-20890.37168 35.70831 17.38747 5.18375
-18802.02655 34.62365 24.31353 5.18375
-16713.68142 33.35429 18.88370 5.18375
-14625.33628 31.90602 3.94985 5.18375
-12536.99115 30.28545 21.84796 5.18375
-10448.64602 28.49998 -43.51580 5.18375
-8360.30088 26.55774 -41.41547 5.18375
-6271.95575 24.46760 -50.92465 0.86374
-4183.61062 22.23909 -55.24464 5.18375
-2095.26549 19.88239 -51.17051 1.72775
-6.92035 17.40824 -27.59888 0.86374
2081.42478 14.82793 -26.11674 0.86374
4169.76991 12.15323 -24.23423 1.72775
6258.11504 9.39635 -26.03949 1.72775
8346.46018 6.56986 -25.03499 1.72775
10434.80531 3.68667 -24.63459 1.72775
12523.15044 0.75991 -25.74446 0.86374
14611.49558 -2.19704 -26.85433 0.86374
16699.84071 -5.17071 -27.10016 0.86374
18788.18584 -8.14753 -25.62493 1.72775
20876.53097 -11.11391 -25.00678 0.86374
22964.87611 -14.05633 -24.12878 1.72775
25053.22124 -16.96135 -27.83063 0.86374
27141.56637 -19.81573 -26.56622 2.59174
29229.91150 -22.60644 -26.81209 0.86374
31318.25664 -25.32075 -26.19394 2.59174
33406.60177 -27.94628 -22.98378 1.72775
35494.94690 -30.47104 -25.80758 0.86374
37583.29204 -32.88353 -26.05345 2.59174
39671.63717 -35.17272 -26.65751 0.86374
41759.98230 -37.32819 -26.28523 0.86374
43848.32743 -39.34009 -25.66709 0.86374
45936.67257 -41.19925 -25.04895 2.59174
48025.01770 -42.89718 -25.65301 0.86374
50113.36283 -44.42613 -26.76288 0.86374
52201.70796 -45.77914 -27.00875 1.72775
54290.05310 -46.95003 -27.31770 3.45574
56378.39823 -47.93346 -25.83555 3.45574
58466.74336 -48.72494 -26.45361 1.72775
60555.08850 -49.32086 -24.52185 1.72775
62643.43363 -49.71849 -26.13742 2.59174
64731.77876 -49.91604 -23.29897 1.72775
66820.12389 -49.91259 -22.96173 1.72775
68908.46903 -49.70816 -24.93557 1.72775
70996.81416 -49.30369 -22.57538 2.59174
73085.15929 -48.70101 -23.29889 1.72775
75173.50442 -47.90288 -24.00836 1.72775
77261.84956 -46.91295 -24.25422 1.72775
79350.19469 -45.73572 -24.48601 1.72775
81438.53982 -44.37657 -23.00386 2.59174
83526.88496 -42.84169 -22.37167 2.59174
85615.23009 -41.13810 -22.66650 0.86374
87703.57522 -39.27356 -22.91237 0.86374
89791.92035 -37.25658 -21.41618 0.86374
91880.26549 -35.09636 -19.07002 1.72775
93968.61062 -32.80276 -21.26160 1.72775
96056.95575 -30.38624 -20.87524 0.86374
98145.30088 -27.85782 -23.71309 1.72775
100233.64602 -25.22905 -22.23098 0.86374
102321.99115 -22.51191 -21.93591 1.72775
104410.33628 -19.71880 -21.66888 0.86374
106498.68142 -16.86247 -21.05074 1.72775
108587.02655 -13.95594 -22.00604 1.72775
110675.37168 -11.01248 -19.46258 1.72775
112763.71681 -8.04552 5.96448 2.59174
114852.06195 -5.06858 5.48703 2.59174
116940.40708 -2.09526 9.68774 0.86374
119028.75221 0.86088 17.20542 2.59174
121117.09735 3.78636 19.19330 3.45574
123205.44248 6.66783 31.46082 1.72775
125293.78761 9.49214 29.48694 1.72775
127382.13274 12.24641 32.20566 2.59174
129470.47788 14.91807 33.19608 2.59174
131558.82301 17.49493 33.25941 3.45574
133647.16814 19.96523 36.51338 2.59174
135735.51327 22.31772 38.81190 4.31975
137823.85841 24.54164 37.19642 3.45574
139912.20354 26.62686 28.52135 14.68774
142000.54867 28.56387 41.06809 3.45574
144088.89381 30.34382 38.90468 3.45574
146177.23894 31.95859 41.00497 2.59174
148265.58407 33.40083 36.94488 4.31975
150353.92920 34.66394 43.61103 3.45574
152442.27434 35.74217 41.54586 2.59174
154530.61947 36.63060 41.91814 3.45574
156618.96460 37.32517 43.01397 3.45574
158707.30973 37.82271 38.79247 2.59174
160795.65487 38.12096 38.07604 4.31975
162884.00000 38.21855 40.00775 3.45574
