44214.61562    4.53184    14.99965
44993.45298    21.57293    31.73997
45851.40631    30.67102    6.13193
46086.96681    30.08092    2.99955
48560.55780    22.18957    4.00007
48773.71401    22.53472    4.99971
49143.77505    15.16077    4.99971
51870.83925    -42.46564    4.99971
52284.71018    -51.10344    1.10312
54919.76589    -26.34631    1.08015
54941.30349    -26.13771    1.13653
54970.67822    -26.29312    3.5843
54999.31317    -26.06489    1.64285
55135.97098    -23.6446    1.98694
55159.94602    -24.01203    1.85072
55208.61678    -21.67907    1.14352
55245.62567    -21.50495    1.09492
55389.66308    -19.54895    1.90054
56004.24921    5.3644    8.63974
56403.30917    14.99663    12.09575
56712.00516    8.4502    1.71713
56772.18547    20.93389    6.04774
57100.74409    17.56752    2.58597
57453.81143    25.98046    12.95974
57748.32002    30.41803    1.55924
57811.33770    32.61482    2.5772
57811.33770    36.32651    2.12654
57846.82220    36.13247    5.18375
58187.51041    34.82746    11.23175
58561.25098    37.74514    3.80812
58593.24301    28.52137    14.68774
58884.35291    40.42844    2.97817
58934.11856    48.9428    4.31975
59317.08867    38.1972    2.59174
